[Crawler] Starting API-based Full Crawl at 2026-01-18 22:08:11.703208
[Crawler] Attempting Login...
[Crawler] Login SUCCESS!
[Crawler] Parsing Sitemaps for IDs...
[Crawler] Found 24 sitemaps.
[Crawler] Total IDs found: 3000
[Crawler] API Fetching for 3000 items...
  > Progress: 0/3000 (Success: 0)...
  > Progress: 10/3000 (Success: 10)...
  > Progress: 20/3000 (Success: 20)...
  > Progress: 30/3000 (Success: 30)...
  > Progress: 40/3000 (Success: 40)...
  > Progress: 50/3000 (Success: 50)...
  > Progress: 60/3000 (Success: 60)...
  > Progress: 70/3000 (Success: 70)...
  > Progress: 80/3000 (Success: 80)...
  > Progress: 90/3000 (Success: 90)...
  > Progress: 100/3000 (Success: 100)...
  > Progress: 110/3000 (Success: 110)...
  > Progress: 120/3000 (Success: 120)...
  > Progress: 130/3000 (Success: 130)...
  > Progress: 140/3000 (Success: 140)...
  > Progress: 150/3000 (Success: 150)...
  > Progress: 160/3000 (Success: 160)...
  > Progress: 170/3000 (Success: 170)...
  > Progress: 180/3000 (Success: 180)...
  > Progress: 190/3000 (Success: 190)...
  > Progress: 200/3000 (Success: 200)...
  > Progress: 210/3000 (Success: 210)...
  > Progress: 220/3000 (Success: 220)...
  > Progress: 230/3000 (Success: 230)...
  > Progress: 240/3000 (Success: 240)...
  > Progress: 250/3000 (Success: 250)...
  > Progress: 260/3000 (Success: 260)...
  > Progress: 270/3000 (Success: 270)...
  > Progress: 280/3000 (Success: 280)...
  > Progress: 290/3000 (Success: 290)...
  > Progress: 300/3000 (Success: 300)...
  > Progress: 310/3000 (Success: 310)...
  > Progress: 320/3000 (Success: 320)...
  > Progress: 330/3000 (Success: 330)...
  > Progress: 340/3000 (Success: 340)...
  > Progress: 350/3000 (Success: 350)...
  > Progress: 360/3000 (Success: 360)...
  > Progress: 370/3000 (Success: 370)...
  > Progress: 380/3000 (Success: 380)...
  > Progress: 390/3000 (Success: 390)...
  > Progress: 400/3000 (Success: 400)...
  > Progress: 410/3000 (Success: 410)...
  > Progress: 420/3000 (Success: 420)...
  > Progress: 430/3000 (Success: 430)...
  > Progress: 440/3000 (Success: 440)...
  > Progress: 450/3000 (Success: 450)...
  > Progress: 460/3000 (Success: 460)...
  > Progress: 470/3000 (Success: 470)...
  > Progress: 480/3000 (Success: 480)...
  > Progress: 490/3000 (Success: 490)...
  > Progress: 500/3000 (Success: 500)...
  > Progress: 510/3000 (Success: 510)...
  > Progress: 520/3000 (Success: 520)...
  > Progress: 530/3000 (Success: 530)...
  > Progress: 540/3000 (Success: 540)...
  > Progress: 550/3000 (Success: 550)...
  > Progress: 560/3000 (Success: 560)...
  > Progress: 570/3000 (Success: 570)...
  > Progress: 580/3000 (Success: 580)...
  > Progress: 590/3000 (Success: 590)...
  > Progress: 600/3000 (Success: 600)...
  > Progress: 610/3000 (Success: 610)...
  > Progress: 620/3000 (Success: 620)...
  > Progress: 630/3000 (Success: 630)...
  > Progress: 640/3000 (Success: 640)...
  > Progress: 650/3000 (Success: 650)...
  > Progress: 660/3000 (Success: 660)...
  > Progress: 670/3000 (Success: 670)...
  > Progress: 680/3000 (Success: 680)...
  > Progress: 690/3000 (Success: 690)...
  > Progress: 700/3000 (Success: 700)...
  > Progress: 710/3000 (Success: 710)...
  > Progress: 720/3000 (Success: 720)...
  > Progress: 730/3000 (Success: 730)...
  > Progress: 740/3000 (Success: 740)...
  > Progress: 750/3000 (Success: 750)...
  > Progress: 760/3000 (Success: 760)...
  > Progress: 770/3000 (Success: 770)...
  > Progress: 780/3000 (Success: 780)...
  > Progress: 790/3000 (Success: 790)...
  > Progress: 800/3000 (Success: 800)...
  > Progress: 810/3000 (Success: 810)...
  > Progress: 820/3000 (Success: 820)...
  > Progress: 830/3000 (Success: 830)...
  > Progress: 840/3000 (Success: 840)...
  > Progress: 850/3000 (Success: 850)...
  > Progress: 860/3000 (Success: 860)...
  > Progress: 870/3000 (Success: 870)...
  > Progress: 880/3000 (Success: 880)...
  > Progress: 890/3000 (Success: 890)...
  > Progress: 900/3000 (Success: 900)...
  > Progress: 910/3000 (Success: 910)...
  > Progress: 920/3000 (Success: 920)...
  > Progress: 930/3000 (Success: 930)...
  > Progress: 940/3000 (Success: 940)...
  > Progress: 950/3000 (Success: 950)...
  > Progress: 960/3000 (Success: 960)...
  > Progress: 970/3000 (Success: 970)...
  > Progress: 980/3000 (Success: 980)...
  > Progress: 990/3000 (Success: 990)...
  > Progress: 1000/3000 (Success: 1000)...
  > Progress: 1010/3000 (Success: 1010)...
  > Progress: 1020/3000 (Success: 1020)...
  > Progress: 1030/3000 (Success: 1030)...
  > Progress: 1040/3000 (Success: 1040)...
  > Progress: 1050/3000 (Success: 1050)...
  > Progress: 1060/3000 (Success: 1060)...
  > Progress: 1070/3000 (Success: 1070)...
  > Progress: 1080/3000 (Success: 1080)...
  > Progress: 1090/3000 (Success: 1090)...
  > Progress: 1100/3000 (Success: 1100)...
  > Progress: 1110/3000 (Success: 1110)...
  > Progress: 1120/3000 (Success: 1120)...
  > Progress: 1130/3000 (Success: 1130)...
  > Progress: 1140/3000 (Success: 1140)...
  > Progress: 1150/3000 (Success: 1150)...
  > Progress: 1160/3000 (Success: 1160)...
  > Progress: 1170/3000 (Success: 1170)...
  > Progress: 1180/3000 (Success: 1180)...
  > Progress: 1190/3000 (Success: 1190)...
  > Progress: 1200/3000 (Success: 1200)...
  > Progress: 1210/3000 (Success: 1210)...
  > Progress: 1220/3000 (Success: 1220)...
  > Progress: 1230/3000 (Success: 1230)...
  > Progress: 1240/3000 (Success: 1240)...
  > Progress: 1250/3000 (Success: 1250)...
  > Progress: 1260/3000 (Success: 1260)...
  > Progress: 1270/3000 (Success: 1270)...
  > Progress: 1280/3000 (Success: 1280)...
  > Progress: 1290/3000 (Success: 1290)...
  > Progress: 1300/3000 (Success: 1300)...
  > Progress: 1310/3000 (Success: 1310)...
  > Progress: 1320/3000 (Success: 1320)...
  > Progress: 1330/3000 (Success: 1330)...
  > Progress: 1340/3000 (Success: 1340)...
  > Progress: 1350/3000 (Success: 1350)...
  > Progress: 1360/3000 (Success: 1360)...
  > Progress: 1370/3000 (Success: 1370)...
  > Progress: 1380/3000 (Success: 1380)...
  > Progress: 1390/3000 (Success: 1390)...
  > Progress: 1400/3000 (Success: 1400)...
  > Progress: 1410/3000 (Success: 1410)...
  > Progress: 1420/3000 (Success: 1420)...
  > Progress: 1430/3000 (Success: 1430)...
  > Progress: 1440/3000 (Success: 1440)...
  > Progress: 1450/3000 (Success: 1450)...
  > Progress: 1460/3000 (Success: 1460)...
  > Progress: 1470/3000 (Success: 1470)...
  > Progress: 1480/3000 (Success: 1480)...
  > Progress: 1490/3000 (Success: 1490)...
  > Progress: 1500/3000 (Success: 1500)...
  > Progress: 1510/3000 (Success: 1510)...
  > Progress: 1520/3000 (Success: 1520)...
  > Progress: 1530/3000 (Success: 1530)...
  > Progress: 1540/3000 (Success: 1540)...
  > Progress: 1550/3000 (Success: 1550)...
  > Progress: 1560/3000 (Success: 1560)...
  > Progress: 1570/3000 (Success: 1570)...
  > Progress: 1580/3000 (Success: 1580)...
  > Progress: 1590/3000 (Success: 1590)...
  > Progress: 1600/3000 (Success: 1600)...
  > Progress: 1610/3000 (Success: 1610)...
  > Progress: 1620/3000 (Success: 1620)...
  > Progress: 1630/3000 (Success: 1630)...
  > Progress: 1640/3000 (Success: 1640)...
  > Progress: 1650/3000 (Success: 1650)...
  > Progress: 1660/3000 (Success: 1660)...
  > Progress: 1670/3000 (Success: 1670)...
  > Progress: 1680/3000 (Success: 1680)...
  > Progress: 1690/3000 (Success: 1690)...
  > Progress: 1700/3000 (Success: 1700)...
  > Progress: 1710/3000 (Success: 1710)...
  > Progress: 1720/3000 (Success: 1720)...
  > Progress: 1730/3000 (Success: 1730)...
  > Progress: 1740/3000 (Success: 1740)...
  > Progress: 1750/3000 (Success: 1750)...
  > Progress: 1760/3000 (Success: 1760)...
  > Progress: 1770/3000 (Success: 1770)...
  > Progress: 1780/3000 (Success: 1780)...
  > Progress: 1790/3000 (Success: 1790)...
  > Progress: 1800/3000 (Success: 1800)...
  > Progress: 1810/3000 (Success: 1810)...
  > Progress: 1820/3000 (Success: 1820)...
  > Progress: 1830/3000 (Success: 1830)...
  > Progress: 1840/3000 (Success: 1840)...
  > Progress: 1850/3000 (Success: 1850)...
  > Progress: 1860/3000 (Success: 1860)...
  > Progress: 1870/3000 (Success: 1870)...
  > Progress: 1880/3000 (Success: 1880)...
  > Progress: 1890/3000 (Success: 1890)...
  > Progress: 1900/3000 (Success: 1900)...
  > Progress: 1910/3000 (Success: 1910)...
  > Progress: 1920/3000 (Success: 1920)...
  > Progress: 1930/3000 (Success: 1930)...
  > Progress: 1940/3000 (Success: 1940)...
  > Progress: 1950/3000 (Success: 1950)...
  > Progress: 1960/3000 (Success: 1960)...
  > Progress: 1970/3000 (Success: 1970)...
  > Progress: 1980/3000 (Success: 1980)...
  > Progress: 1990/3000 (Success: 1990)...
  > Progress: 2000/3000 (Success: 2000)...
  > Progress: 2010/3000 (Success: 2010)...
  > Progress: 2020/3000 (Success: 2020)...
  > Progress: 2030/3000 (Success: 2030)...
  > Progress: 2040/3000 (Success: 2040)...
  > Progress: 2050/3000 (Success: 2050)...
  > Progress: 2060/3000 (Success: 2060)...
  > Progress: 2070/3000 (Success: 2070)...
  > Progress: 2080/3000 (Success: 2080)...
  > Progress: 2090/3000 (Success: 2090)...
  > Progress: 2100/3000 (Success: 2100)...
  > Progress: 2110/3000 (Success: 2110)...
  > Progress: 2120/3000 (Success: 2120)...
  > Progress: 2130/3000 (Success: 2130)...
  > Progress: 2140/3000 (Success: 2140)...
  > Progress: 2150/3000 (Success: 2150)...
  > Progress: 2160/3000 (Success: 2160)...
  > Progress: 2170/3000 (Success: 2170)...
  > Progress: 2180/3000 (Success: 2180)...
  > Progress: 2190/3000 (Success: 2190)...
  > Progress: 2200/3000 (Success: 2200)...
  > Progress: 2210/3000 (Success: 2210)...
  > Progress: 2220/3000 (Success: 2220)...
  > Progress: 2230/3000 (Success: 2230)...
  > Progress: 2240/3000 (Success: 2240)...
  > Progress: 2250/3000 (Success: 2250)...
  > Progress: 2260/3000 (Success: 2260)...
  > Progress: 2270/3000 (Success: 2270)...
  > Progress: 2280/3000 (Success: 2280)...
  > Progress: 2290/3000 (Success: 2290)...
  > Progress: 2300/3000 (Success: 2300)...
  > Progress: 2310/3000 (Success: 2310)...
  > Progress: 2320/3000 (Success: 2320)...
  > Progress: 2330/3000 (Success: 2330)...
  > Progress: 2340/3000 (Success: 2340)...
  > Progress: 2350/3000 (Success: 2350)...
  > Progress: 2360/3000 (Success: 2360)...
  > Progress: 2370/3000 (Success: 2370)...
  > Progress: 2380/3000 (Success: 2380)...
  > Progress: 2390/3000 (Success: 2390)...
  > Progress: 2400/3000 (Success: 2400)...
  > Progress: 2410/3000 (Success: 2410)...
  > Progress: 2420/3000 (Success: 2420)...
  > Progress: 2430/3000 (Success: 2430)...
  > Progress: 2440/3000 (Success: 2440)...
  > Progress: 2450/3000 (Success: 2450)...
  > Progress: 2460/3000 (Success: 2460)...
  > Progress: 2470/3000 (Success: 2470)...
  > Progress: 2480/3000 (Success: 2480)...
  > Progress: 2490/3000 (Success: 2490)...
  > Progress: 2500/3000 (Success: 2500)...
  > Progress: 2510/3000 (Success: 2510)...
  > Progress: 2520/3000 (Success: 2520)...
  > Progress: 2530/3000 (Success: 2530)...
  > Progress: 2540/3000 (Success: 2540)...
  > Progress: 2550/3000 (Success: 2550)...
  > Progress: 2560/3000 (Success: 2560)...
  > Progress: 2570/3000 (Success: 2570)...
  > Progress: 2580/3000 (Success: 2580)...
  > Progress: 2590/3000 (Success: 2590)...
  > Progress: 2600/3000 (Success: 2600)...
  > Progress: 2610/3000 (Success: 2610)...
  > Progress: 2620/3000 (Success: 2620)...
  > Progress: 2630/3000 (Success: 2630)...
  > Progress: 2640/3000 (Success: 2640)...
  > Progress: 2650/3000 (Success: 2650)...
  > Progress: 2660/3000 (Success: 2660)...
  > Progress: 2670/3000 (Success: 2670)...
  > Progress: 2680/3000 (Success: 2680)...
  > Progress: 2690/3000 (Success: 2690)...
  > Progress: 2700/3000 (Success: 2700)...
  > Progress: 2710/3000 (Success: 2710)...
  > Progress: 2720/3000 (Success: 2720)...
  > Progress: 2730/3000 (Success: 2730)...
  > Progress: 2740/3000 (Success: 2740)...
  > Progress: 2750/3000 (Success: 2750)...
  > Progress: 2760/3000 (Success: 2760)...
  > Progress: 2770/3000 (Success: 2770)...
  > Progress: 2780/3000 (Success: 2780)...
  > Progress: 2790/3000 (Success: 2790)...
  > Progress: 2800/3000 (Success: 2800)...
  > Progress: 2810/3000 (Success: 2810)...
  > Progress: 2820/3000 (Success: 2820)...
  > Progress: 2830/3000 (Success: 2830)...
  > Progress: 2840/3000 (Success: 2840)...
  > Progress: 2850/3000 (Success: 2850)...
  > Progress: 2860/3000 (Success: 2860)...
  > Progress: 2870/3000 (Success: 2870)...
  > Progress: 2880/3000 (Success: 2880)...
  > Progress: 2890/3000 (Success: 2890)...
  > Progress: 2900/3000 (Success: 2900)...
  > Progress: 2910/3000 (Success: 2910)...
  > Progress: 2920/3000 (Success: 2920)...
  > Progress: 2930/3000 (Success: 2930)...
  > Progress: 2940/3000 (Success: 2940)...
  > Progress: 2950/3000 (Success: 2950)...
  > Progress: 2960/3000 (Success: 2960)...
  > Progress: 2970/3000 (Success: 2970)...
  > Progress: 2980/3000 (Success: 2980)...
  > Progress: 2990/3000 (Success: 2990)...
[Crawler] Done. Saved 3000 articles.
