[Crawler] Starting API-based Full Crawl at 2026-01-19 00:06:45.788508
[Crawler] Attempting Login...
[Crawler] Login SUCCESS!
[Crawler] Parsing Sitemaps for IDs...
[Crawler] Found 24 sitemaps.
[Crawler] Total IDs found: 23366
[Crawler] Scanning existing file data/autowein_full_corpus.jsonl to resume...
[Crawler] Found 12822 already collected items.
[Crawler] Resuming fetch for 10544 NEW items...
  > Progress: 0/10544 (Success: 0)...
  > Progress: 10/10544 (Success: 10)...
  > Progress: 20/10544 (Success: 20)...
  > Progress: 30/10544 (Success: 30)...
  > Progress: 40/10544 (Success: 40)...
  > Progress: 50/10544 (Success: 50)...
  > Progress: 60/10544 (Success: 60)...
  > Progress: 70/10544 (Success: 70)...
  > Progress: 80/10544 (Success: 80)...
  > Progress: 90/10544 (Success: 90)...
  > Progress: 100/10544 (Success: 100)...
  > Progress: 110/10544 (Success: 110)...
  > Progress: 120/10544 (Success: 120)...
  > Progress: 130/10544 (Success: 130)...
  > Progress: 140/10544 (Success: 140)...
  > Progress: 150/10544 (Success: 150)...
  > Progress: 160/10544 (Success: 160)...
  > Progress: 170/10544 (Success: 170)...
  > Progress: 180/10544 (Success: 180)...
  > Progress: 190/10544 (Success: 190)...
  > Progress: 200/10544 (Success: 200)...
  > Progress: 210/10544 (Success: 210)...
  > Progress: 220/10544 (Success: 220)...
  > Progress: 230/10544 (Success: 230)...
  > Progress: 240/10544 (Success: 240)...
  > Progress: 250/10544 (Success: 250)...
  > Progress: 260/10544 (Success: 260)...
  > Progress: 270/10544 (Success: 270)...
  > Progress: 280/10544 (Success: 280)...
  > Progress: 290/10544 (Success: 290)...
  > Progress: 300/10544 (Success: 300)...
  > Progress: 310/10544 (Success: 310)...
  > Progress: 320/10544 (Success: 320)...
  > Progress: 330/10544 (Success: 330)...
  > Progress: 340/10544 (Success: 340)...
  > Progress: 350/10544 (Success: 350)...
  > Progress: 360/10544 (Success: 360)...
  > Progress: 370/10544 (Success: 370)...
  > Progress: 380/10544 (Success: 380)...
  > Progress: 390/10544 (Success: 390)...
  > Progress: 400/10544 (Success: 400)...
  > Progress: 410/10544 (Success: 410)...
  > Progress: 420/10544 (Success: 420)...
  > Progress: 430/10544 (Success: 430)...
  > Progress: 440/10544 (Success: 440)...
  > Progress: 450/10544 (Success: 450)...
  > Progress: 460/10544 (Success: 460)...
  > Progress: 470/10544 (Success: 470)...
  > Progress: 480/10544 (Success: 480)...
  > Progress: 490/10544 (Success: 490)...
  > Progress: 500/10544 (Success: 500)...
  > Progress: 510/10544 (Success: 510)...
  > Progress: 520/10544 (Success: 520)...
  > Progress: 530/10544 (Success: 530)...
  > Progress: 540/10544 (Success: 540)...
  > Progress: 550/10544 (Success: 550)...
  > Progress: 560/10544 (Success: 560)...
  > Progress: 570/10544 (Success: 570)...
  > Progress: 580/10544 (Success: 580)...
  > Progress: 590/10544 (Success: 590)...
  > Progress: 600/10544 (Success: 600)...
  > Progress: 610/10544 (Success: 610)...
  > Progress: 620/10544 (Success: 620)...
  > Progress: 630/10544 (Success: 630)...
  > Progress: 640/10544 (Success: 640)...
  > Progress: 650/10544 (Success: 650)...
  > Progress: 660/10544 (Success: 660)...
  > Progress: 670/10544 (Success: 670)...
  > Progress: 680/10544 (Success: 680)...
  > Progress: 690/10544 (Success: 690)...
  > Progress: 700/10544 (Success: 700)...
  > Progress: 710/10544 (Success: 710)...
  > Progress: 720/10544 (Success: 720)...
  > Progress: 730/10544 (Success: 730)...
  > Progress: 740/10544 (Success: 740)...
  > Progress: 750/10544 (Success: 750)...
  > Progress: 760/10544 (Success: 760)...
  > Progress: 770/10544 (Success: 770)...
  > Progress: 780/10544 (Success: 780)...
  > Progress: 790/10544 (Success: 790)...
  > Progress: 800/10544 (Success: 800)...
  > Progress: 810/10544 (Success: 810)...
  > Progress: 820/10544 (Success: 820)...
  > Progress: 830/10544 (Success: 830)...
  > Progress: 840/10544 (Success: 840)...
  > Progress: 850/10544 (Success: 850)...
  > Progress: 860/10544 (Success: 860)...
  > Progress: 870/10544 (Success: 870)...
  > Progress: 880/10544 (Success: 880)...
  > Progress: 890/10544 (Success: 890)...
  > Progress: 900/10544 (Success: 900)...
  > Progress: 910/10544 (Success: 910)...
  > Progress: 920/10544 (Success: 920)...
  > Progress: 930/10544 (Success: 930)...
  > Progress: 940/10544 (Success: 940)...
  > Progress: 950/10544 (Success: 950)...
  > Progress: 960/10544 (Success: 960)...
  > Progress: 970/10544 (Success: 970)...
  > Progress: 980/10544 (Success: 980)...
  > Progress: 990/10544 (Success: 990)...
  > Progress: 1000/10544 (Success: 1000)...
  > Progress: 1010/10544 (Success: 1010)...
  > Progress: 1020/10544 (Success: 1020)...
  > Progress: 1030/10544 (Success: 1030)...
  > Progress: 1040/10544 (Success: 1040)...
  > Progress: 1050/10544 (Success: 1050)...
  > Progress: 1060/10544 (Success: 1060)...
  > Progress: 1070/10544 (Success: 1070)...
  > Progress: 1080/10544 (Success: 1080)...
  > Progress: 1090/10544 (Success: 1090)...
  > Progress: 1100/10544 (Success: 1100)...
  > Progress: 1110/10544 (Success: 1110)...
  > Progress: 1120/10544 (Success: 1120)...
  > Progress: 1130/10544 (Success: 1130)...
  > Progress: 1140/10544 (Success: 1140)...
  > Progress: 1150/10544 (Success: 1150)...
  > Progress: 1160/10544 (Success: 1160)...
  > Progress: 1170/10544 (Success: 1170)...
  > Progress: 1180/10544 (Success: 1180)...
  > Progress: 1190/10544 (Success: 1190)...
  > Progress: 1200/10544 (Success: 1200)...
  > Progress: 1210/10544 (Success: 1210)...
  > Progress: 1220/10544 (Success: 1220)...
  > Progress: 1230/10544 (Success: 1230)...
  > Progress: 1240/10544 (Success: 1240)...
  > Progress: 1250/10544 (Success: 1250)...
  > Progress: 1260/10544 (Success: 1260)...
  > Progress: 1270/10544 (Success: 1270)...
  > Progress: 1280/10544 (Success: 1280)...
  > Progress: 1290/10544 (Success: 1290)...
  > Progress: 1300/10544 (Success: 1300)...
  > Progress: 1310/10544 (Success: 1310)...
  > Progress: 1320/10544 (Success: 1320)...
  > Progress: 1330/10544 (Success: 1330)...
  > Progress: 1340/10544 (Success: 1340)...
  > Progress: 1350/10544 (Success: 1350)...
  > Progress: 1360/10544 (Success: 1360)...
  > Progress: 1370/10544 (Success: 1370)...
  > Progress: 1380/10544 (Success: 1380)...
  > Progress: 1390/10544 (Success: 1390)...
  > Progress: 1400/10544 (Success: 1400)...
  > Progress: 1410/10544 (Success: 1410)...
  > Progress: 1420/10544 (Success: 1420)...
  > Progress: 1430/10544 (Success: 1430)...
  > Progress: 1440/10544 (Success: 1440)...
  > Progress: 1450/10544 (Success: 1450)...
  > Progress: 1460/10544 (Success: 1460)...
  > Progress: 1470/10544 (Success: 1470)...
  > Progress: 1480/10544 (Success: 1480)...
  > Progress: 1490/10544 (Success: 1490)...
  > Progress: 1500/10544 (Success: 1500)...
  > Progress: 1510/10544 (Success: 1510)...
  > Progress: 1520/10544 (Success: 1520)...
  > Progress: 1530/10544 (Success: 1530)...
  > Progress: 1540/10544 (Success: 1540)...
  > Progress: 1550/10544 (Success: 1550)...
  > Progress: 1560/10544 (Success: 1560)...
  > Progress: 1570/10544 (Success: 1570)...
  > Progress: 1580/10544 (Success: 1580)...
  > Progress: 1590/10544 (Success: 1590)...
  > Progress: 1600/10544 (Success: 1600)...
  > Progress: 1610/10544 (Success: 1610)...
  > Progress: 1620/10544 (Success: 1620)...
  > Progress: 1630/10544 (Success: 1630)...
  > Progress: 1640/10544 (Success: 1640)...
  > Progress: 1650/10544 (Success: 1650)...
  > Progress: 1660/10544 (Success: 1660)...
  > Progress: 1670/10544 (Success: 1670)...
  > Progress: 1680/10544 (Success: 1680)...
  > Progress: 1690/10544 (Success: 1690)...
  > Progress: 1700/10544 (Success: 1700)...
  > Progress: 1710/10544 (Success: 1710)...
  > Progress: 1720/10544 (Success: 1720)...
  > Progress: 1730/10544 (Success: 1730)...
  > Progress: 1740/10544 (Success: 1740)...
  > Progress: 1750/10544 (Success: 1750)...
  > Progress: 1760/10544 (Success: 1760)...
  > Progress: 1770/10544 (Success: 1770)...
  > Progress: 1780/10544 (Success: 1780)...
  > Progress: 1790/10544 (Success: 1790)...
  > Progress: 1800/10544 (Success: 1800)...
  > Progress: 1810/10544 (Success: 1810)...
  > Progress: 1820/10544 (Success: 1820)...
  > Progress: 1830/10544 (Success: 1830)...
  > Progress: 1840/10544 (Success: 1840)...
  > Progress: 1850/10544 (Success: 1850)...
  > Progress: 1860/10544 (Success: 1860)...
  > Progress: 1870/10544 (Success: 1870)...
  > Progress: 1880/10544 (Success: 1880)...
  > Progress: 1890/10544 (Success: 1890)...
  > Progress: 1900/10544 (Success: 1900)...
  > Progress: 1910/10544 (Success: 1910)...
  > Progress: 1920/10544 (Success: 1920)...
  > Progress: 1930/10544 (Success: 1930)...
  > Progress: 1940/10544 (Success: 1940)...
  > Progress: 1950/10544 (Success: 1950)...
  > Progress: 1960/10544 (Success: 1960)...
  > Progress: 1970/10544 (Success: 1970)...
  > Progress: 1980/10544 (Success: 1980)...
  > Progress: 1990/10544 (Success: 1990)...
  > Progress: 2000/10544 (Success: 2000)...
  > Progress: 2010/10544 (Success: 2010)...
  > Progress: 2020/10544 (Success: 2020)...
  > Progress: 2030/10544 (Success: 2030)...
  > Progress: 2040/10544 (Success: 2040)...
  > Progress: 2050/10544 (Success: 2050)...
  > Progress: 2060/10544 (Success: 2060)...
  > Progress: 2070/10544 (Success: 2070)...
  > Progress: 2080/10544 (Success: 2080)...
  > Progress: 2090/10544 (Success: 2090)...
  > Progress: 2100/10544 (Success: 2100)...
  > Progress: 2110/10544 (Success: 2110)...
  > Progress: 2120/10544 (Success: 2120)...
  > Progress: 2130/10544 (Success: 2130)...
  > Progress: 2140/10544 (Success: 2140)...
  > Progress: 2150/10544 (Success: 2150)...
  > Progress: 2160/10544 (Success: 2160)...
  > Progress: 2170/10544 (Success: 2170)...
  > Progress: 2180/10544 (Success: 2180)...
  > Progress: 2190/10544 (Success: 2190)...
  > Progress: 2200/10544 (Success: 2200)...
  > Progress: 2210/10544 (Success: 2210)...
  > Progress: 2220/10544 (Success: 2220)...
  > Progress: 2230/10544 (Success: 2230)...
  > Progress: 2240/10544 (Success: 2240)...
  > Progress: 2250/10544 (Success: 2250)...
  > Progress: 2260/10544 (Success: 2260)...
  > Progress: 2270/10544 (Success: 2270)...
  > Progress: 2280/10544 (Success: 2280)...
  > Progress: 2290/10544 (Success: 2290)...
  > Progress: 2300/10544 (Success: 2300)...
  > Progress: 2310/10544 (Success: 2310)...
  > Progress: 2320/10544 (Success: 2320)...
  > Progress: 2330/10544 (Success: 2330)...
  > Progress: 2340/10544 (Success: 2340)...
  > Progress: 2350/10544 (Success: 2350)...
  > Progress: 2360/10544 (Success: 2360)...
  > Progress: 2370/10544 (Success: 2370)...
  > Progress: 2380/10544 (Success: 2380)...
  > Progress: 2390/10544 (Success: 2390)...
  > Progress: 2400/10544 (Success: 2400)...
  > Progress: 2410/10544 (Success: 2410)...
  > Progress: 2420/10544 (Success: 2420)...
  > Progress: 2430/10544 (Success: 2430)...
  > Progress: 2440/10544 (Success: 2440)...
  > Progress: 2450/10544 (Success: 2450)...
  > Progress: 2460/10544 (Success: 2460)...
  > Progress: 2470/10544 (Success: 2470)...
  > Progress: 2480/10544 (Success: 2480)...
  > Progress: 2490/10544 (Success: 2490)...
  > Progress: 2500/10544 (Success: 2500)...
  > Progress: 2510/10544 (Success: 2510)...
  > Progress: 2520/10544 (Success: 2520)...
  > Progress: 2530/10544 (Success: 2530)...
  > Progress: 2540/10544 (Success: 2540)...
  > Progress: 2550/10544 (Success: 2550)...
  > Progress: 2560/10544 (Success: 2560)...
  > Progress: 2570/10544 (Success: 2570)...
  > Progress: 2580/10544 (Success: 2580)...
  > Progress: 2590/10544 (Success: 2590)...
  > Progress: 2600/10544 (Success: 2600)...
  > Progress: 2610/10544 (Success: 2610)...
  > Progress: 2620/10544 (Success: 2620)...
  > Progress: 2630/10544 (Success: 2630)...
  > Progress: 2640/10544 (Success: 2640)...
  > Progress: 2650/10544 (Success: 2650)...
  > Progress: 2660/10544 (Success: 2660)...
  > Progress: 2670/10544 (Success: 2670)...
  > Progress: 2680/10544 (Success: 2680)...
  > Progress: 2690/10544 (Success: 2690)...
  > Progress: 2700/10544 (Success: 2700)...
  > Progress: 2710/10544 (Success: 2710)...
  > Progress: 2720/10544 (Success: 2720)...
  > Progress: 2730/10544 (Success: 2730)...
  > Progress: 2740/10544 (Success: 2740)...
  > Progress: 2750/10544 (Success: 2750)...
  > Progress: 2760/10544 (Success: 2760)...
  > Progress: 2770/10544 (Success: 2770)...
  > Progress: 2780/10544 (Success: 2780)...
  > Progress: 2790/10544 (Success: 2790)...
  > Progress: 2800/10544 (Success: 2800)...
  > Progress: 2810/10544 (Success: 2810)...
  > Progress: 2820/10544 (Success: 2820)...
  > Progress: 2830/10544 (Success: 2830)...
  > Progress: 2840/10544 (Success: 2840)...
  > Progress: 2850/10544 (Success: 2850)...
  > Progress: 2860/10544 (Success: 2860)...
  > Progress: 2870/10544 (Success: 2870)...
  > Progress: 2880/10544 (Success: 2880)...
  > Progress: 2890/10544 (Success: 2890)...
  > Progress: 2900/10544 (Success: 2900)...
  > Progress: 2910/10544 (Success: 2910)...
  > Progress: 2920/10544 (Success: 2920)...
  > Progress: 2930/10544 (Success: 2930)...
  > Progress: 2940/10544 (Success: 2940)...
  > Progress: 2950/10544 (Success: 2950)...
  > Progress: 2960/10544 (Success: 2960)...
  > Progress: 2970/10544 (Success: 2970)...
  > Progress: 2980/10544 (Success: 2980)...
  > Progress: 2990/10544 (Success: 2990)...
  > Progress: 3000/10544 (Success: 3000)...
  > Progress: 3010/10544 (Success: 3010)...
  > Progress: 3020/10544 (Success: 3020)...
  > Progress: 3030/10544 (Success: 3030)...
  > Progress: 3040/10544 (Success: 3040)...
  > Progress: 3050/10544 (Success: 3050)...
  > Progress: 3060/10544 (Success: 3060)...
  > Progress: 3070/10544 (Success: 3070)...
  > Progress: 3080/10544 (Success: 3080)...
  > Progress: 3090/10544 (Success: 3090)...
  > Progress: 3100/10544 (Success: 3100)...
  > Progress: 3110/10544 (Success: 3110)...
  > Progress: 3120/10544 (Success: 3120)...
  > Progress: 3130/10544 (Success: 3130)...
  > Progress: 3140/10544 (Success: 3140)...
  > Progress: 3150/10544 (Success: 3150)...
  > Progress: 3160/10544 (Success: 3160)...
  > Progress: 3170/10544 (Success: 3170)...
  > Progress: 3180/10544 (Success: 3180)...
  > Progress: 3190/10544 (Success: 3190)...
  > Progress: 3200/10544 (Success: 3200)...
  > Progress: 3210/10544 (Success: 3210)...
  > Progress: 3220/10544 (Success: 3220)...
  > Progress: 3230/10544 (Success: 3230)...
  > Progress: 3240/10544 (Success: 3240)...
  > Progress: 3250/10544 (Success: 3250)...
  > Progress: 3260/10544 (Success: 3260)...
  > Progress: 3270/10544 (Success: 3270)...
  > Progress: 3280/10544 (Success: 3280)...
  > Progress: 3290/10544 (Success: 3290)...
  > Progress: 3300/10544 (Success: 3300)...
  > Progress: 3310/10544 (Success: 3310)...
  > Progress: 3320/10544 (Success: 3320)...
  > Progress: 3330/10544 (Success: 3330)...
  > Progress: 3340/10544 (Success: 3340)...
  > Progress: 3350/10544 (Success: 3350)...
  > Progress: 3360/10544 (Success: 3360)...
  > Progress: 3370/10544 (Success: 3370)...
  > Progress: 3380/10544 (Success: 3380)...
  > Progress: 3390/10544 (Success: 3390)...
  > Progress: 3400/10544 (Success: 3400)...
  > Progress: 3410/10544 (Success: 3410)...
  > Progress: 3420/10544 (Success: 3420)...
  > Progress: 3430/10544 (Success: 3430)...
  > Progress: 3440/10544 (Success: 3440)...
  > Progress: 3450/10544 (Success: 3450)...
  > Progress: 3460/10544 (Success: 3460)...
  > Progress: 3470/10544 (Success: 3470)...
  > Progress: 3480/10544 (Success: 3480)...
  > Progress: 3490/10544 (Success: 3490)...
  > Progress: 3500/10544 (Success: 3500)...
  > Progress: 3510/10544 (Success: 3510)...
  > Progress: 3520/10544 (Success: 3520)...
  > Progress: 3530/10544 (Success: 3530)...
  > Progress: 3540/10544 (Success: 3540)...
  > Progress: 3550/10544 (Success: 3550)...
  > Progress: 3560/10544 (Success: 3560)...
  > Progress: 3570/10544 (Success: 3570)...
  > Progress: 3580/10544 (Success: 3580)...
  > Progress: 3590/10544 (Success: 3590)...
  > Progress: 3600/10544 (Success: 3600)...
  > Progress: 3610/10544 (Success: 3610)...
  > Progress: 3620/10544 (Success: 3620)...
  > Progress: 3630/10544 (Success: 3630)...
  > Progress: 3640/10544 (Success: 3640)...
  > Progress: 3650/10544 (Success: 3650)...
  > Progress: 3660/10544 (Success: 3660)...
  > Progress: 3670/10544 (Success: 3670)...
  > Progress: 3680/10544 (Success: 3680)...
  > Progress: 3690/10544 (Success: 3690)...
  > Progress: 3700/10544 (Success: 3700)...
  > Progress: 3710/10544 (Success: 3710)...
  > Progress: 3720/10544 (Success: 3720)...
  > Progress: 3730/10544 (Success: 3730)...
  > Progress: 3740/10544 (Success: 3740)...
  > Progress: 3750/10544 (Success: 3750)...
  > Progress: 3760/10544 (Success: 3760)...
  > Progress: 3770/10544 (Success: 3770)...
  > Progress: 3780/10544 (Success: 3780)...
  > Progress: 3790/10544 (Success: 3790)...
  > Progress: 3800/10544 (Success: 3800)...
  > Progress: 3810/10544 (Success: 3810)...
  > Progress: 3820/10544 (Success: 3820)...
  > Progress: 3830/10544 (Success: 3830)...
  > Progress: 3840/10544 (Success: 3840)...
  > Progress: 3850/10544 (Success: 3850)...
  > Progress: 3860/10544 (Success: 3860)...
  > Progress: 3870/10544 (Success: 3870)...
  > Progress: 3880/10544 (Success: 3880)...
  > Progress: 3890/10544 (Success: 3890)...
  > Progress: 3900/10544 (Success: 3900)...
  > Progress: 3910/10544 (Success: 3910)...
  > Progress: 3920/10544 (Success: 3920)...
  > Progress: 3930/10544 (Success: 3930)...
  > Progress: 3940/10544 (Success: 3940)...
  > Progress: 3950/10544 (Success: 3950)...
  > Progress: 3960/10544 (Success: 3960)...
  > Progress: 3970/10544 (Success: 3970)...
  > Progress: 3980/10544 (Success: 3980)...
  > Progress: 3990/10544 (Success: 3990)...
  > Progress: 4000/10544 (Success: 4000)...
  > Progress: 4010/10544 (Success: 4010)...
  > Progress: 4020/10544 (Success: 4020)...
  > Progress: 4030/10544 (Success: 4030)...
  > Progress: 4040/10544 (Success: 4040)...
  > Progress: 4050/10544 (Success: 4050)...
  > Progress: 4060/10544 (Success: 4060)...
  > Progress: 4070/10544 (Success: 4070)...
  > Progress: 4080/10544 (Success: 4080)...
  > Progress: 4090/10544 (Success: 4090)...
  > Progress: 4100/10544 (Success: 4100)...
  > Progress: 4110/10544 (Success: 4110)...
  > Progress: 4120/10544 (Success: 4120)...
  > Progress: 4130/10544 (Success: 4130)...
  > Progress: 4140/10544 (Success: 4140)...
  > Progress: 4150/10544 (Success: 4150)...
  > Progress: 4160/10544 (Success: 4160)...
  > Progress: 4170/10544 (Success: 4170)...
  > Progress: 4180/10544 (Success: 4180)...
  > Progress: 4190/10544 (Success: 4190)...
  > Progress: 4200/10544 (Success: 4200)...
  > Progress: 4210/10544 (Success: 4210)...
  > Progress: 4220/10544 (Success: 4220)...
  > Progress: 4230/10544 (Success: 4230)...
  > Progress: 4240/10544 (Success: 4240)...
  > Progress: 4250/10544 (Success: 4250)...
  > Progress: 4260/10544 (Success: 4260)...
  > Progress: 4270/10544 (Success: 4270)...
  > Progress: 4280/10544 (Success: 4280)...
  > Progress: 4290/10544 (Success: 4290)...
  > Progress: 4300/10544 (Success: 4300)...
  > Progress: 4310/10544 (Success: 4310)...
  > Progress: 4320/10544 (Success: 4320)...
  > Progress: 4330/10544 (Success: 4330)...
  > Progress: 4340/10544 (Success: 4340)...
  > Progress: 4350/10544 (Success: 4350)...
  > Progress: 4360/10544 (Success: 4360)...
  > Progress: 4370/10544 (Success: 4370)...
  > Progress: 4380/10544 (Success: 4380)...
  > Progress: 4390/10544 (Success: 4390)...
  > Progress: 4400/10544 (Success: 4400)...
  > Progress: 4410/10544 (Success: 4410)...
  > Progress: 4420/10544 (Success: 4420)...
  > Progress: 4430/10544 (Success: 4430)...
  > Progress: 4440/10544 (Success: 4440)...
  > Progress: 4450/10544 (Success: 4450)...
  > Progress: 4460/10544 (Success: 4460)...
  > Progress: 4470/10544 (Success: 4470)...
  > Progress: 4480/10544 (Success: 4480)...
  > Progress: 4490/10544 (Success: 4490)...
  > Progress: 4500/10544 (Success: 4500)...
  > Progress: 4510/10544 (Success: 4510)...
  > Progress: 4520/10544 (Success: 4520)...
  > Progress: 4530/10544 (Success: 4530)...
  > Progress: 4540/10544 (Success: 4540)...
  > Progress: 4550/10544 (Success: 4550)...
  > Progress: 4560/10544 (Success: 4560)...
  > Progress: 4570/10544 (Success: 4570)...
  > Progress: 4580/10544 (Success: 4580)...
  > Progress: 4590/10544 (Success: 4590)...
  > Progress: 4600/10544 (Success: 4600)...
  > Progress: 4610/10544 (Success: 4610)...
  > Progress: 4620/10544 (Success: 4620)...
  > Progress: 4630/10544 (Success: 4630)...
  > Progress: 4640/10544 (Success: 4640)...
  > Progress: 4650/10544 (Success: 4650)...
  > Progress: 4660/10544 (Success: 4660)...
  > Progress: 4670/10544 (Success: 4670)...
  > Progress: 4680/10544 (Success: 4680)...
  > Progress: 4690/10544 (Success: 4690)...
  > Progress: 4700/10544 (Success: 4700)...
  > Progress: 4710/10544 (Success: 4710)...
  > Progress: 4720/10544 (Success: 4720)...
  > Progress: 4730/10544 (Success: 4730)...
  > Progress: 4740/10544 (Success: 4740)...
  > Progress: 4750/10544 (Success: 4750)...
  > Progress: 4760/10544 (Success: 4760)...
  > Progress: 4770/10544 (Success: 4770)...
  > Progress: 4780/10544 (Success: 4780)...
  > Progress: 4790/10544 (Success: 4790)...
  > Progress: 4800/10544 (Success: 4800)...
  > Progress: 4810/10544 (Success: 4810)...
  > Progress: 4820/10544 (Success: 4820)...
  > Progress: 4830/10544 (Success: 4830)...
  > Progress: 4840/10544 (Success: 4840)...
  > Progress: 4850/10544 (Success: 4850)...
  > Progress: 4860/10544 (Success: 4860)...
  > Progress: 4870/10544 (Success: 4870)...
  > Progress: 4880/10544 (Success: 4880)...
  > Progress: 4890/10544 (Success: 4890)...
  > Progress: 4900/10544 (Success: 4900)...
  > Progress: 4910/10544 (Success: 4910)...
  > Progress: 4920/10544 (Success: 4920)...
  > Progress: 4930/10544 (Success: 4930)...
  > Progress: 4940/10544 (Success: 4940)...
  > Progress: 4950/10544 (Success: 4950)...
  > Progress: 4960/10544 (Success: 4960)...
  > Progress: 4970/10544 (Success: 4970)...
  > Progress: 4980/10544 (Success: 4980)...
  > Progress: 4990/10544 (Success: 4990)...
  > Progress: 5000/10544 (Success: 5000)...
  > Progress: 5010/10544 (Success: 5010)...
  > Progress: 5020/10544 (Success: 5020)...
  > Progress: 5030/10544 (Success: 5030)...
  > Progress: 5040/10544 (Success: 5040)...
  > Progress: 5050/10544 (Success: 5050)...
  > Progress: 5060/10544 (Success: 5060)...
  > Progress: 5070/10544 (Success: 5070)...
  > Progress: 5080/10544 (Success: 5080)...
  > Progress: 5090/10544 (Success: 5090)...
  > Progress: 5100/10544 (Success: 5100)...
  > Progress: 5110/10544 (Success: 5110)...
  > Progress: 5120/10544 (Success: 5120)...
  > Progress: 5130/10544 (Success: 5130)...
  > Progress: 5140/10544 (Success: 5140)...
  > Progress: 5150/10544 (Success: 5150)...
  > Progress: 5160/10544 (Success: 5160)...
  > Progress: 5170/10544 (Success: 5170)...
  > Progress: 5180/10544 (Success: 5180)...
  > Progress: 5190/10544 (Success: 5190)...
  > Progress: 5200/10544 (Success: 5200)...
  > Progress: 5210/10544 (Success: 5210)...
  > Progress: 5220/10544 (Success: 5220)...
  > Progress: 5230/10544 (Success: 5230)...
  > Progress: 5240/10544 (Success: 5240)...
  > Progress: 5250/10544 (Success: 5250)...
  > Progress: 5260/10544 (Success: 5260)...
  > Progress: 5270/10544 (Success: 5270)...
  > Progress: 5280/10544 (Success: 5280)...
  > Progress: 5290/10544 (Success: 5290)...
  > Progress: 5300/10544 (Success: 5300)...
  > Progress: 5310/10544 (Success: 5310)...
  > Progress: 5320/10544 (Success: 5320)...
  > Progress: 5330/10544 (Success: 5330)...
  > Progress: 5340/10544 (Success: 5340)...
  > Progress: 5350/10544 (Success: 5350)...
  > Progress: 5360/10544 (Success: 5360)...
  > Progress: 5370/10544 (Success: 5370)...
  > Progress: 5380/10544 (Success: 5380)...
  > Progress: 5390/10544 (Success: 5390)...
  > Progress: 5400/10544 (Success: 5400)...
  > Progress: 5410/10544 (Success: 5410)...
  > Progress: 5420/10544 (Success: 5420)...
  > Progress: 5430/10544 (Success: 5430)...
  > Progress: 5440/10544 (Success: 5440)...
  > Progress: 5450/10544 (Success: 5450)...
  > Progress: 5460/10544 (Success: 5460)...
  > Progress: 5470/10544 (Success: 5470)...
  > Progress: 5480/10544 (Success: 5480)...
  > Progress: 5490/10544 (Success: 5490)...
  > Progress: 5500/10544 (Success: 5500)...
  > Progress: 5510/10544 (Success: 5510)...
  > Progress: 5520/10544 (Success: 5520)...
  > Progress: 5530/10544 (Success: 5530)...
  > Progress: 5540/10544 (Success: 5540)...
  > Progress: 5550/10544 (Success: 5550)...
  > Progress: 5560/10544 (Success: 5560)...
  > Progress: 5570/10544 (Success: 5570)...
  > Progress: 5580/10544 (Success: 5580)...
  > Progress: 5590/10544 (Success: 5590)...
  > Progress: 5600/10544 (Success: 5600)...
  > Progress: 5610/10544 (Success: 5610)...
  > Progress: 5620/10544 (Success: 5620)...
  > Progress: 5630/10544 (Success: 5630)...
  > Progress: 5640/10544 (Success: 5640)...
  > Progress: 5650/10544 (Success: 5650)...
  > Progress: 5660/10544 (Success: 5660)...
  > Progress: 5670/10544 (Success: 5670)...
  > Progress: 5680/10544 (Success: 5680)...
  > Progress: 5690/10544 (Success: 5690)...
  > Progress: 5700/10544 (Success: 5700)...
  > Progress: 5710/10544 (Success: 5710)...
  > Progress: 5720/10544 (Success: 5720)...
  > Progress: 5730/10544 (Success: 5730)...
  > Progress: 5740/10544 (Success: 5740)...
  > Progress: 5750/10544 (Success: 5750)...
  > Progress: 5760/10544 (Success: 5760)...
  > Progress: 5770/10544 (Success: 5770)...
  > Progress: 5780/10544 (Success: 5780)...
  > Progress: 5790/10544 (Success: 5790)...
  > Progress: 5800/10544 (Success: 5800)...
  > Progress: 5810/10544 (Success: 5810)...
  > Progress: 5820/10544 (Success: 5820)...
  > Progress: 5830/10544 (Success: 5830)...
  > Progress: 5840/10544 (Success: 5840)...
  > Progress: 5850/10544 (Success: 5850)...
  > Progress: 5860/10544 (Success: 5860)...
  > Progress: 5870/10544 (Success: 5870)...
  > Progress: 5880/10544 (Success: 5880)...
  > Progress: 5890/10544 (Success: 5890)...
  > Progress: 5900/10544 (Success: 5900)...
  > Progress: 5910/10544 (Success: 5910)...
  > Progress: 5920/10544 (Success: 5920)...
  > Progress: 5930/10544 (Success: 5930)...
  > Progress: 5940/10544 (Success: 5940)...
  > Progress: 5950/10544 (Success: 5950)...
  > Progress: 5960/10544 (Success: 5960)...
  > Progress: 5970/10544 (Success: 5970)...
  > Progress: 5980/10544 (Success: 5980)...
  > Progress: 5990/10544 (Success: 5990)...
  > Progress: 6000/10544 (Success: 6000)...
  > Progress: 6010/10544 (Success: 6010)...
  > Progress: 6020/10544 (Success: 6020)...
  > Progress: 6030/10544 (Success: 6030)...
  > Progress: 6040/10544 (Success: 6040)...
  > Progress: 6050/10544 (Success: 6050)...
  > Progress: 6060/10544 (Success: 6060)...
  > Progress: 6070/10544 (Success: 6070)...
  > Progress: 6080/10544 (Success: 6080)...
  > Progress: 6090/10544 (Success: 6090)...
  > Progress: 6100/10544 (Success: 6100)...
  > Progress: 6110/10544 (Success: 6110)...
  > Progress: 6120/10544 (Success: 6120)...
  > Progress: 6130/10544 (Success: 6130)...
  > Progress: 6140/10544 (Success: 6140)...
  > Progress: 6150/10544 (Success: 6150)...
  > Progress: 6160/10544 (Success: 6160)...
  > Progress: 6170/10544 (Success: 6170)...
  > Progress: 6180/10544 (Success: 6180)...
  > Progress: 6190/10544 (Success: 6190)...
  > Progress: 6200/10544 (Success: 6200)...
  > Progress: 6210/10544 (Success: 6210)...
  > Progress: 6220/10544 (Success: 6220)...
  > Progress: 6230/10544 (Success: 6230)...
  > Progress: 6240/10544 (Success: 6240)...
  > Progress: 6250/10544 (Success: 6250)...
  > Progress: 6260/10544 (Success: 6260)...
  > Progress: 6270/10544 (Success: 6270)...
  > Progress: 6280/10544 (Success: 6280)...
  > Progress: 6290/10544 (Success: 6290)...
  > Progress: 6300/10544 (Success: 6300)...
  > Progress: 6310/10544 (Success: 6310)...
  > Progress: 6320/10544 (Success: 6320)...
  > Progress: 6330/10544 (Success: 6330)...
  > Progress: 6340/10544 (Success: 6340)...
  > Progress: 6350/10544 (Success: 6350)...
  > Progress: 6360/10544 (Success: 6360)...
  > Progress: 6370/10544 (Success: 6370)...
  > Progress: 6380/10544 (Success: 6380)...
  > Progress: 6390/10544 (Success: 6390)...
  > Progress: 6400/10544 (Success: 6400)...
  > Progress: 6410/10544 (Success: 6410)...
  > Progress: 6420/10544 (Success: 6420)...
  > Progress: 6430/10544 (Success: 6430)...
  > Progress: 6440/10544 (Success: 6440)...
  > Progress: 6450/10544 (Success: 6450)...
  > Progress: 6460/10544 (Success: 6460)...
  > Progress: 6470/10544 (Success: 6470)...
  > Progress: 6480/10544 (Success: 6480)...
  > Progress: 6490/10544 (Success: 6490)...
  > Progress: 6500/10544 (Success: 6500)...
  > Progress: 6510/10544 (Success: 6510)...
  > Progress: 6520/10544 (Success: 6520)...
  > Progress: 6530/10544 (Success: 6530)...
  > Progress: 6540/10544 (Success: 6540)...
  > Progress: 6550/10544 (Success: 6550)...
  > Progress: 6560/10544 (Success: 6560)...
  > Progress: 6570/10544 (Success: 6570)...
  > Progress: 6580/10544 (Success: 6580)...
  > Progress: 6590/10544 (Success: 6590)...
  > Progress: 6600/10544 (Success: 6600)...
  > Progress: 6610/10544 (Success: 6610)...
  > Progress: 6620/10544 (Success: 6620)...
  > Progress: 6630/10544 (Success: 6630)...
  > Progress: 6640/10544 (Success: 6640)...
  > Progress: 6650/10544 (Success: 6650)...
  > Progress: 6660/10544 (Success: 6660)...
  > Progress: 6670/10544 (Success: 6670)...
  > Progress: 6680/10544 (Success: 6680)...
  > Progress: 6690/10544 (Success: 6690)...
  > Progress: 6700/10544 (Success: 6700)...
  > Progress: 6710/10544 (Success: 6710)...
  > Progress: 6720/10544 (Success: 6720)...
  > Progress: 6730/10544 (Success: 6730)...
  > Progress: 6740/10544 (Success: 6740)...
  > Progress: 6750/10544 (Success: 6750)...
  > Progress: 6760/10544 (Success: 6760)...
  > Progress: 6770/10544 (Success: 6770)...
  > Progress: 6780/10544 (Success: 6780)...
  > Progress: 6790/10544 (Success: 6790)...
  > Progress: 6800/10544 (Success: 6800)...
  > Progress: 6810/10544 (Success: 6810)...
  > Progress: 6820/10544 (Success: 6820)...
  > Progress: 6830/10544 (Success: 6830)...
  > Progress: 6840/10544 (Success: 6840)...
  > Progress: 6850/10544 (Success: 6850)...
  > Progress: 6860/10544 (Success: 6860)...
  > Progress: 6870/10544 (Success: 6870)...
  > Progress: 6880/10544 (Success: 6880)...
  > Progress: 6890/10544 (Success: 6890)...
  > Progress: 6900/10544 (Success: 6900)...
  > Progress: 6910/10544 (Success: 6910)...
  > Progress: 6920/10544 (Success: 6920)...
  > Progress: 6930/10544 (Success: 6930)...
  > Progress: 6940/10544 (Success: 6940)...
  > Progress: 6950/10544 (Success: 6950)...
  > Progress: 6960/10544 (Success: 6960)...
  > Progress: 6970/10544 (Success: 6970)...
  > Progress: 6980/10544 (Success: 6980)...
  > Progress: 6990/10544 (Success: 6990)...
  > Progress: 7000/10544 (Success: 7000)...
  > Progress: 7010/10544 (Success: 7010)...
  > Progress: 7020/10544 (Success: 7020)...
  > Progress: 7030/10544 (Success: 7030)...
  > Progress: 7040/10544 (Success: 7040)...
  > Progress: 7050/10544 (Success: 7050)...
  > Progress: 7060/10544 (Success: 7060)...
  > Progress: 7070/10544 (Success: 7070)...
  > Progress: 7080/10544 (Success: 7080)...
  > Progress: 7090/10544 (Success: 7090)...
  > Progress: 7100/10544 (Success: 7100)...
  > Progress: 7110/10544 (Success: 7110)...
  > Progress: 7120/10544 (Success: 7120)...
  > Progress: 7130/10544 (Success: 7130)...
  > Progress: 7140/10544 (Success: 7140)...
  > Progress: 7150/10544 (Success: 7150)...
  > Progress: 7160/10544 (Success: 7160)...
  > Progress: 7170/10544 (Success: 7170)...
  > Progress: 7180/10544 (Success: 7180)...
  > Progress: 7190/10544 (Success: 7190)...
  > Progress: 7200/10544 (Success: 7200)...
  > Progress: 7210/10544 (Success: 7210)...
  > Progress: 7220/10544 (Success: 7220)...
  > Progress: 7230/10544 (Success: 7230)...
  > Progress: 7240/10544 (Success: 7240)...
  > Progress: 7250/10544 (Success: 7250)...
  > Progress: 7260/10544 (Success: 7260)...
  > Progress: 7270/10544 (Success: 7270)...
  > Progress: 7280/10544 (Success: 7280)...
  > Progress: 7290/10544 (Success: 7290)...
  > Progress: 7300/10544 (Success: 7300)...
  > Progress: 7310/10544 (Success: 7310)...
  > Progress: 7320/10544 (Success: 7320)...
  > Progress: 7330/10544 (Success: 7330)...
  > Progress: 7340/10544 (Success: 7340)...
  > Progress: 7350/10544 (Success: 7350)...
  > Progress: 7360/10544 (Success: 7360)...
  > Progress: 7370/10544 (Success: 7370)...
  > Progress: 7380/10544 (Success: 7380)...
  > Progress: 7390/10544 (Success: 7390)...
  > Progress: 7400/10544 (Success: 7400)...
  > Progress: 7410/10544 (Success: 7410)...
  > Progress: 7420/10544 (Success: 7420)...
  > Progress: 7430/10544 (Success: 7430)...
  > Progress: 7440/10544 (Success: 7440)...
  > Progress: 7450/10544 (Success: 7450)...
  > Progress: 7460/10544 (Success: 7460)...
  > Progress: 7470/10544 (Success: 7470)...
  > Progress: 7480/10544 (Success: 7480)...
  > Progress: 7490/10544 (Success: 7490)...
  > Progress: 7500/10544 (Success: 7500)...
  > Progress: 7510/10544 (Success: 7510)...
  > Progress: 7520/10544 (Success: 7520)...
  > Progress: 7530/10544 (Success: 7530)...
  > Progress: 7540/10544 (Success: 7540)...
  > Progress: 7550/10544 (Success: 7550)...
  > Progress: 7560/10544 (Success: 7560)...
  > Progress: 7570/10544 (Success: 7570)...
  > Progress: 7580/10544 (Success: 7580)...
  > Progress: 7590/10544 (Success: 7590)...
  > Progress: 7600/10544 (Success: 7600)...
  > Progress: 7610/10544 (Success: 7610)...
  > Progress: 7620/10544 (Success: 7620)...
  > Progress: 7630/10544 (Success: 7630)...
  > Progress: 7640/10544 (Success: 7640)...
  > Progress: 7650/10544 (Success: 7650)...
  > Progress: 7660/10544 (Success: 7660)...
  > Progress: 7670/10544 (Success: 7670)...
  > Progress: 7680/10544 (Success: 7680)...
  > Progress: 7690/10544 (Success: 7690)...
  > Progress: 7700/10544 (Success: 7700)...
  > Progress: 7710/10544 (Success: 7710)...
  > Progress: 7720/10544 (Success: 7720)...
  > Progress: 7730/10544 (Success: 7730)...
  > Progress: 7740/10544 (Success: 7740)...
  > Progress: 7750/10544 (Success: 7750)...
  > Progress: 7760/10544 (Success: 7760)...
  > Progress: 7770/10544 (Success: 7770)...
  > Progress: 7780/10544 (Success: 7780)...
  > Progress: 7790/10544 (Success: 7790)...
  > Progress: 7800/10544 (Success: 7800)...
  > Progress: 7810/10544 (Success: 7810)...
  > Progress: 7820/10544 (Success: 7820)...
  > Progress: 7830/10544 (Success: 7830)...
  > Progress: 7840/10544 (Success: 7840)...
  > Progress: 7850/10544 (Success: 7850)...
  > Progress: 7860/10544 (Success: 7860)...
  > Progress: 7870/10544 (Success: 7870)...
  > Progress: 7880/10544 (Success: 7880)...
  > Progress: 7890/10544 (Success: 7890)...
  > Progress: 7900/10544 (Success: 7900)...
  > Progress: 7910/10544 (Success: 7910)...
  > Progress: 7920/10544 (Success: 7920)...
  > Progress: 7930/10544 (Success: 7930)...
  > Progress: 7940/10544 (Success: 7940)...
  > Progress: 7950/10544 (Success: 7950)...
  > Progress: 7960/10544 (Success: 7960)...
  > Progress: 7970/10544 (Success: 7970)...
  > Progress: 7980/10544 (Success: 7980)...
  > Progress: 7990/10544 (Success: 7990)...
  > Progress: 8000/10544 (Success: 8000)...
  > Progress: 8010/10544 (Success: 8010)...
  > Progress: 8020/10544 (Success: 8020)...
  > Progress: 8030/10544 (Success: 8030)...
  > Progress: 8040/10544 (Success: 8040)...
  > Progress: 8050/10544 (Success: 8050)...
  > Progress: 8060/10544 (Success: 8060)...
  > Progress: 8070/10544 (Success: 8070)...
  > Progress: 8080/10544 (Success: 8080)...
  > Progress: 8090/10544 (Success: 8090)...
  > Progress: 8100/10544 (Success: 8100)...
  > Progress: 8110/10544 (Success: 8110)...
  > Progress: 8120/10544 (Success: 8120)...
  > Progress: 8130/10544 (Success: 8130)...
  > Progress: 8140/10544 (Success: 8140)...
  > Progress: 8150/10544 (Success: 8150)...
  > Progress: 8160/10544 (Success: 8160)...
  > Progress: 8170/10544 (Success: 8170)...
  > Progress: 8180/10544 (Success: 8180)...
  > Progress: 8190/10544 (Success: 8190)...
  > Progress: 8200/10544 (Success: 8200)...
  > Progress: 8210/10544 (Success: 8210)...
  > Progress: 8220/10544 (Success: 8220)...
  > Progress: 8230/10544 (Success: 8230)...
  > Progress: 8240/10544 (Success: 8240)...
  > Progress: 8250/10544 (Success: 8250)...
  > Progress: 8260/10544 (Success: 8260)...
  > Progress: 8270/10544 (Success: 8270)...
  > Progress: 8280/10544 (Success: 8280)...
  > Progress: 8290/10544 (Success: 8290)...
  > Progress: 8300/10544 (Success: 8300)...
  > Progress: 8310/10544 (Success: 8310)...
  > Progress: 8320/10544 (Success: 8320)...
  > Progress: 8330/10544 (Success: 8330)...
  > Progress: 8340/10544 (Success: 8340)...
  > Progress: 8350/10544 (Success: 8350)...
  > Progress: 8360/10544 (Success: 8360)...
  > Progress: 8370/10544 (Success: 8370)...
  > Progress: 8380/10544 (Success: 8380)...
  > Progress: 8390/10544 (Success: 8390)...
  > Progress: 8400/10544 (Success: 8400)...
  > Progress: 8410/10544 (Success: 8410)...
  > Progress: 8420/10544 (Success: 8420)...
  > Progress: 8430/10544 (Success: 8430)...
  > Progress: 8440/10544 (Success: 8440)...
  > Progress: 8450/10544 (Success: 8450)...
  > Progress: 8460/10544 (Success: 8460)...
  > Progress: 8470/10544 (Success: 8470)...
  > Progress: 8480/10544 (Success: 8480)...
  > Progress: 8490/10544 (Success: 8490)...
  > Progress: 8500/10544 (Success: 8500)...
  > Progress: 8510/10544 (Success: 8510)...
  > Progress: 8520/10544 (Success: 8520)...
  > Progress: 8530/10544 (Success: 8530)...
  > Progress: 8540/10544 (Success: 8540)...
  > Progress: 8550/10544 (Success: 8550)...
  > Progress: 8560/10544 (Success: 8560)...
  > Progress: 8570/10544 (Success: 8570)...
  > Progress: 8580/10544 (Success: 8580)...
  > Progress: 8590/10544 (Success: 8590)...
  > Progress: 8600/10544 (Success: 8600)...
  > Progress: 8610/10544 (Success: 8610)...
  > Progress: 8620/10544 (Success: 8620)...
  > Progress: 8630/10544 (Success: 8630)...
  > Progress: 8640/10544 (Success: 8640)...
  > Progress: 8650/10544 (Success: 8650)...
  > Progress: 8660/10544 (Success: 8660)...
  > Progress: 8670/10544 (Success: 8670)...
  > Progress: 8680/10544 (Success: 8680)...
  > Progress: 8690/10544 (Success: 8690)...
  > Progress: 8700/10544 (Success: 8700)...
  > Progress: 8710/10544 (Success: 8710)...
  > Progress: 8720/10544 (Success: 8720)...
  > Progress: 8730/10544 (Success: 8730)...
  > Progress: 8740/10544 (Success: 8740)...
  > Progress: 8750/10544 (Success: 8750)...
  > Progress: 8760/10544 (Success: 8760)...
  > Progress: 8770/10544 (Success: 8770)...
  > Progress: 8780/10544 (Success: 8780)...
  > Progress: 8790/10544 (Success: 8790)...
  > Progress: 8800/10544 (Success: 8800)...
  > Progress: 8810/10544 (Success: 8810)...
  > Progress: 8820/10544 (Success: 8820)...
  > Progress: 8830/10544 (Success: 8830)...
  > Progress: 8840/10544 (Success: 8840)...
  > Progress: 8850/10544 (Success: 8850)...
  > Progress: 8860/10544 (Success: 8860)...
  > Progress: 8870/10544 (Success: 8870)...
  > Progress: 8880/10544 (Success: 8880)...
  > Progress: 8890/10544 (Success: 8890)...
  > Progress: 8900/10544 (Success: 8900)...
  > Progress: 8910/10544 (Success: 8910)...
  > Progress: 8920/10544 (Success: 8920)...
  > Progress: 8930/10544 (Success: 8930)...
  > Progress: 8940/10544 (Success: 8940)...
  > Progress: 8950/10544 (Success: 8950)...
  > Progress: 8960/10544 (Success: 8960)...
  > Progress: 8970/10544 (Success: 8970)...
  > Progress: 8980/10544 (Success: 8980)...
  > Progress: 8990/10544 (Success: 8990)...
  > Progress: 9000/10544 (Success: 9000)...
  > Progress: 9010/10544 (Success: 9010)...
  > Progress: 9020/10544 (Success: 9020)...
  > Progress: 9030/10544 (Success: 9030)...
  > Progress: 9040/10544 (Success: 9040)...
  > Progress: 9050/10544 (Success: 9050)...
  > Progress: 9060/10544 (Success: 9060)...
  > Progress: 9070/10544 (Success: 9070)...
  > Progress: 9080/10544 (Success: 9080)...
  > Progress: 9090/10544 (Success: 9090)...
  > Progress: 9100/10544 (Success: 9100)...
  > Progress: 9110/10544 (Success: 9110)...
  > Progress: 9120/10544 (Success: 9120)...
  > Progress: 9130/10544 (Success: 9130)...
  > Progress: 9140/10544 (Success: 9140)...
  > Progress: 9150/10544 (Success: 9150)...
  > Progress: 9160/10544 (Success: 9160)...
  > Progress: 9170/10544 (Success: 9170)...
  > Progress: 9180/10544 (Success: 9180)...
  > Progress: 9190/10544 (Success: 9190)...
  > Progress: 9200/10544 (Success: 9200)...
  > Progress: 9210/10544 (Success: 9210)...
  > Progress: 9220/10544 (Success: 9220)...
  > Progress: 9230/10544 (Success: 9230)...
  > Progress: 9240/10544 (Success: 9240)...
  > Progress: 9250/10544 (Success: 9250)...
  > Progress: 9260/10544 (Success: 9260)...
  > Progress: 9270/10544 (Success: 9270)...
  > Progress: 9280/10544 (Success: 9280)...
  > Progress: 9290/10544 (Success: 9290)...
  > Progress: 9300/10544 (Success: 9300)...
  > Progress: 9310/10544 (Success: 9310)...
  > Progress: 9320/10544 (Success: 9320)...
  > Progress: 9330/10544 (Success: 9330)...
  > Progress: 9340/10544 (Success: 9340)...
  > Progress: 9350/10544 (Success: 9350)...
  > Progress: 9360/10544 (Success: 9360)...
  > Progress: 9370/10544 (Success: 9370)...
  > Progress: 9380/10544 (Success: 9380)...
  > Progress: 9390/10544 (Success: 9390)...
  > Progress: 9400/10544 (Success: 9400)...
  > Progress: 9410/10544 (Success: 9410)...
  > Progress: 9420/10544 (Success: 9420)...
  > Progress: 9430/10544 (Success: 9430)...
  > Progress: 9440/10544 (Success: 9440)...
  > Progress: 9450/10544 (Success: 9450)...
  > Progress: 9460/10544 (Success: 9460)...
  > Progress: 9470/10544 (Success: 9470)...
  > Progress: 9480/10544 (Success: 9480)...
  > Progress: 9490/10544 (Success: 9490)...
  > Progress: 9500/10544 (Success: 9500)...
  > Progress: 9510/10544 (Success: 9510)...
  > Progress: 9520/10544 (Success: 9520)...
  > Progress: 9530/10544 (Success: 9530)...
  > Progress: 9540/10544 (Success: 9540)...
  > Progress: 9550/10544 (Success: 9550)...
  > Progress: 9560/10544 (Success: 9560)...
  > Progress: 9570/10544 (Success: 9570)...
  > Progress: 9580/10544 (Success: 9580)...
  > Progress: 9590/10544 (Success: 9590)...
  > Progress: 9600/10544 (Success: 9600)...
  > Progress: 9610/10544 (Success: 9610)...
  > Progress: 9620/10544 (Success: 9620)...
  > Progress: 9630/10544 (Success: 9630)...
  > Progress: 9640/10544 (Success: 9640)...
  > Progress: 9650/10544 (Success: 9650)...
  > Progress: 9660/10544 (Success: 9660)...
  > Progress: 9670/10544 (Success: 9670)...
  > Progress: 9680/10544 (Success: 9680)...
  > Progress: 9690/10544 (Success: 9690)...
  > Progress: 9700/10544 (Success: 9700)...
  > Progress: 9710/10544 (Success: 9710)...
  > Progress: 9720/10544 (Success: 9720)...
  > Progress: 9730/10544 (Success: 9730)...
  > Progress: 9740/10544 (Success: 9740)...
  > Progress: 9750/10544 (Success: 9750)...
  > Progress: 9760/10544 (Success: 9760)...
  > Progress: 9770/10544 (Success: 9770)...
  > Progress: 9780/10544 (Success: 9780)...
  > Progress: 9790/10544 (Success: 9790)...
  > Progress: 9800/10544 (Success: 9800)...
  > Progress: 9810/10544 (Success: 9810)...
  > Progress: 9820/10544 (Success: 9820)...
  > Progress: 9830/10544 (Success: 9830)...
  > Progress: 9840/10544 (Success: 9840)...
  > Progress: 9850/10544 (Success: 9850)...
  > Progress: 9860/10544 (Success: 9860)...
  > Progress: 9870/10544 (Success: 9870)...
  > Progress: 9880/10544 (Success: 9880)...
  > Progress: 9890/10544 (Success: 9890)...
  > Progress: 9900/10544 (Success: 9900)...
  > Progress: 9910/10544 (Success: 9910)...
  > Progress: 9920/10544 (Success: 9920)...
  > Progress: 9930/10544 (Success: 9930)...
  > Progress: 9940/10544 (Success: 9940)...
  > Progress: 9950/10544 (Success: 9950)...
  > Progress: 9960/10544 (Success: 9960)...
  > Progress: 9970/10544 (Success: 9970)...
  > Progress: 9980/10544 (Success: 9980)...
  > Progress: 9990/10544 (Success: 9990)...
  > Progress: 10000/10544 (Success: 10000)...
  > Progress: 10010/10544 (Success: 10010)...
  > Progress: 10020/10544 (Success: 10020)...
  > Progress: 10030/10544 (Success: 10030)...
  > Progress: 10040/10544 (Success: 10040)...
  > Progress: 10050/10544 (Success: 10050)...
  > Progress: 10060/10544 (Success: 10060)...
  > Progress: 10070/10544 (Success: 10070)...
  > Progress: 10080/10544 (Success: 10080)...
  > Progress: 10090/10544 (Success: 10090)...
  > Progress: 10100/10544 (Success: 10100)...
  > Progress: 10110/10544 (Success: 10110)...
  > Progress: 10120/10544 (Success: 10120)...
  > Progress: 10130/10544 (Success: 10130)...
  > Progress: 10140/10544 (Success: 10140)...
  > Progress: 10150/10544 (Success: 10150)...
  > Progress: 10160/10544 (Success: 10160)...
  > Progress: 10170/10544 (Success: 10170)...
  > Progress: 10180/10544 (Success: 10180)...
  > Progress: 10190/10544 (Success: 10190)...
  > Progress: 10200/10544 (Success: 10200)...
  > Progress: 10210/10544 (Success: 10210)...
  > Progress: 10220/10544 (Success: 10220)...
  > Progress: 10230/10544 (Success: 10230)...
  > Progress: 10240/10544 (Success: 10240)...
  > Progress: 10250/10544 (Success: 10250)...
  > Progress: 10260/10544 (Success: 10260)...
  > Progress: 10270/10544 (Success: 10270)...
  > Progress: 10280/10544 (Success: 10280)...
  > Progress: 10290/10544 (Success: 10290)...
  > Progress: 10300/10544 (Success: 10300)...
  > Progress: 10310/10544 (Success: 10310)...
  > Progress: 10320/10544 (Success: 10320)...
  > Progress: 10330/10544 (Success: 10330)...
  > Progress: 10340/10544 (Success: 10340)...
  > Progress: 10350/10544 (Success: 10350)...
  > Progress: 10360/10544 (Success: 10360)...
  > Progress: 10370/10544 (Success: 10370)...
  > Progress: 10380/10544 (Success: 10380)...
  > Progress: 10390/10544 (Success: 10390)...
  > Progress: 10400/10544 (Success: 10400)...
  > Progress: 10410/10544 (Success: 10410)...
  > Progress: 10420/10544 (Success: 10420)...
  > Progress: 10430/10544 (Success: 10430)...
  > Progress: 10440/10544 (Success: 10440)...
  > Progress: 10450/10544 (Success: 10450)...
  > Progress: 10460/10544 (Success: 10460)...
  > Progress: 10470/10544 (Success: 10470)...
  > Progress: 10480/10544 (Success: 10480)...
  > Progress: 10490/10544 (Success: 10490)...
  > Progress: 10500/10544 (Success: 10500)...
  > Progress: 10510/10544 (Success: 10510)...
  > Progress: 10520/10544 (Success: 10520)...
  > Progress: 10530/10544 (Success: 10530)...
  > Progress: 10540/10544 (Success: 10540)...
[Crawler] Done. Saved 10544 articles.
